<?xml version="1.0" encoding="UTF-8" ?>
<testsuite errors="0" failures="0" hostname="e42-17" name="ristinolla.PelilogiikkaTest" tests="7" time="0.135" timestamp="2013-07-17T13:14:42">
  <properties>
[...]
</properties>
  <testcase classname="ristinolla.PelilogiikkaTest" name="pelaajaOvoittaaVaakasuoraan" time="0.004" />
  <testcase classname="ristinolla.PelilogiikkaTest" name="pelaajaXvoittaaVaakasuoraan" time="0.0" />
  <testcase classname="ristinolla.PelilogiikkaTest" name="pelaajaXvoittaaDiagnonalisesti" time="0.0" />
  <testcase classname="ristinolla.PelilogiikkaTest" name="tasapeli" time="0.001" />
  <testcase classname="ristinolla.PelilogiikkaTest" name="pelaajaXvoittaaPystysuorasti1" time="0.001" />
  <testcase classname="ristinolla.PelilogiikkaTest" name="pelaajaXvoittaaPystysuorasti2" time="0.001" />
  <testcase classname="ristinolla.PelilogiikkaTest" name="pelaajaOvoittaaPystysuorasti" time="0.0" />
  <system-out><![CDATA[]]></system-out>
  <system-err><![CDATA[]]></system-err>
</testsuite>
